<?xml version="1.0" encoding="UTF-8" ?>
<testsuite tests="18" failures="0" name="models.EndangeredAnimalTest" time="0.548" errors="0" skipped="0">
  <properties>
    <property name="java.runtime.name" value="OpenJDK Runtime Environment"/>
    <property name="java.vm.version" value="11.0.7+10"/>
    <property name="sun.boot.library.path" value="/home/maureenbett/.sdkman/candidates/java/11.0.7.hs-adpt/lib"/>
    <property name="maven.multiModuleProjectDirectory" value="/home/maureenbett/Desktop/Wildlife-tracker"/>
    <property name="java.vm.vendor" value="AdoptOpenJDK"/>
    <property name="java.vendor.url" value="https://adoptopenjdk.net/"/>
    <property name="guice.disable.misplaced.annotation.check" value="true"/>
    <property name="path.separator" value=":"/>
    <property name="java.vm.name" value="OpenJDK 64-Bit Server VM"/>
    <property name="sun.os.patch.level" value="unknown"/>
    <property name="user.country" value="US"/>
    <property name="sun.java.launcher" value="SUN_STANDARD"/>
    <property name="java.vm.specification.name" value="Java Virtual Machine Specification"/>
    <property name="user.dir" value="/home/maureenbett/Desktop/Wildlife-tracker"/>
    <property name="java.vm.compressedOopsMode" value="32-bit"/>
    <property name="java.runtime.version" value="11.0.7+10"/>
    <property name="java.awt.graphicsenv" value="sun.awt.X11GraphicsEnvironment"/>
    <property name="os.arch" value="amd64"/>
    <property name="java.io.tmpdir" value="/tmp"/>
    <property name="line.separator" value="
"/>
    <property name="java.vm.specification.vendor" value="Oracle Corporation"/>
    <property name="os.name" value="Linux"/>
    <property name="classworlds.conf" value="/usr/share/maven/bin/m2.conf"/>
    <property name="sun.jnu.encoding" value="UTF-8"/>
    <property name="java.library.path" value="/usr/java/packages/lib:/usr/lib64:/lib64:/lib:/usr/lib"/>
    <property name="maven.conf" value="/usr/share/maven/conf"/>
    <property name="jdk.debug" value="release"/>
    <property name="java.class.version" value="55.0"/>
    <property name="java.specification.name" value="Java Platform API Specification"/>
    <property name="sun.management.compiler" value="HotSpot 64-Bit Tiered Compilers"/>
    <property name="os.version" value="5.0.0-32-generic"/>
    <property name="library.jansi.path" value="/usr/share/maven/lib/jansi-native"/>
    <property name="user.home" value="/home/maureenbett"/>
    <property name="user.timezone" value="Africa/Nairobi"/>
    <property name="java.awt.printerjob" value="sun.print.PSPrinterJob"/>
    <property name="file.encoding" value="UTF-8"/>
    <property name="java.specification.version" value="11"/>
    <property name="user.name" value="maureenbett"/>
    <property name="java.class.path" value="/usr/share/maven/boot/plexus-classworlds-2.x.jar"/>
    <property name="java.vm.specification.version" value="11"/>
    <property name="sun.arch.data.model" value="64"/>
    <property name="sun.java.command" value="org.codehaus.plexus.classworlds.launcher.Launcher heroku:deploy"/>
    <property name="java.home" value="/home/maureenbett/.sdkman/candidates/java/11.0.7.hs-adpt"/>
    <property name="user.language" value="en"/>
    <property name="java.specification.vendor" value="Oracle Corporation"/>
    <property name="awt.toolkit" value="sun.awt.X11.XToolkit"/>
    <property name="java.vm.info" value="mixed mode"/>
    <property name="java.version" value="11.0.7"/>
    <property name="securerandom.source" value="file:/dev/./urandom"/>
    <property name="java.vendor" value="AdoptOpenJDK"/>
    <property name="maven.home" value="/usr/share/maven"/>
    <property name="file.separator" value="/"/>
    <property name="java.version.date" value="2020-04-14"/>
    <property name="java.vendor.url.bug" value="https://github.com/AdoptOpenJDK/openjdk-support/issues"/>
    <property name="sun.io.unicode.encoding" value="UnicodeLittle"/>
    <property name="sun.cpu.endian" value="little"/>
    <property name="java.vendor.version" value="AdoptOpenJDK"/>
    <property name="sun.desktop" value="gnome"/>
    <property name="sun.cpu.isalist" value=""/>
  </properties>
  <testcase classname="models.EndangeredAnimalTest" name="update_endangeredAnimalInstanceIsUpdatedCorrectly" time="0.067"/>
  <testcase classname="models.EndangeredAnimalTest" name="save_nameCannotBeNull" time="0.012"/>
  <testcase classname="models.EndangeredAnimalTest" name="save_throwsExceptionIfNameNull" time="0.004"/>
  <testcase classname="models.EndangeredAnimalTest" name="getAge_newEndangeredAnimalInstantiatesCorrectlyWithAge" time="0.008"/>
  <testcase classname="models.EndangeredAnimalTest" name="deleteById_animalInstanceDeletedCorrectlyById" time="0.064"/>
  <testcase classname="models.EndangeredAnimalTest" name="findSightings_sightingsRelatedToAnimalInstanceCanBeFound" time="0.087"/>
  <testcase classname="models.EndangeredAnimalTest" name="clearAll_nothingReturnsFromClearedTable" time="0.035"/>
  <testcase classname="models.EndangeredAnimalTest" name="save_endangeredAnimalIsSavedCorrectlyOnEntry" time="0.031"/>
  <testcase classname="models.EndangeredAnimalTest" name="update_nameCannotBeNull" time="0.023"/>
  <testcase classname="models.EndangeredAnimalTest" name="getHealth_newEndangeredAnimalInstantiatesCorrectlyWithAge" time="0.006"/>
  <testcase classname="models.EndangeredAnimalTest" name="update_throwsExceptionIfNameNull" time="0.026"/>
  <testcase classname="models.EndangeredAnimalTest" name="findById_savedEndangeredCanBeFoundById" time="0.032"/>
  <testcase classname="models.EndangeredAnimalTest" name="equal_endangeredAnimalsWithSameNameHealthAndAge" time="0.008"/>
  <testcase classname="models.EndangeredAnimalTest" name="getType_newEndangeredAnimalInstantiatesCorrectlyWithType" time="0.006"/>
  <testcase classname="models.EndangeredAnimalTest" name="allEndangered_allSavedEndangeredAnimalsReturnedCorrectly" time="0.084"/>
  <testcase classname="models.EndangeredAnimalTest" name="save_assignsIdToEndangeredAnimal" time="0.043"/>
  <testcase classname="models.EndangeredAnimalTest" name="newEndangeredAnimal_newEndangeredAnimalInstantiatesCorrectly" time="0.006"/>
  <testcase classname="models.EndangeredAnimalTest" name="getName_instantiatesCorrectlyWithId" time="0.006"/>
</testsuite>