<?xml version="1.0" encoding="UTF-8" ?>
<testsuite tests="17" failures="0" name="models.SightingTest" time="0.436" errors="0" skipped="0">
  <properties>
    <property name="java.runtime.name" value="OpenJDK Runtime Environment"/>
    <property name="java.vm.version" value="11.0.7+10"/>
    <property name="sun.boot.library.path" value="/home/maureenbett/.sdkman/candidates/java/11.0.7.hs-adpt/lib"/>
    <property name="maven.multiModuleProjectDirectory" value="/home/maureenbett/Desktop/Wildlife-tracker"/>
    <property name="java.vm.vendor" value="AdoptOpenJDK"/>
    <property name="java.vendor.url" value="https://adoptopenjdk.net/"/>
    <property name="guice.disable.misplaced.annotation.check" value="true"/>
    <property name="path.separator" value=":"/>
    <property name="java.vm.name" value="OpenJDK 64-Bit Server VM"/>
    <property name="sun.os.patch.level" value="unknown"/>
    <property name="user.country" value="US"/>
    <property name="sun.java.launcher" value="SUN_STANDARD"/>
    <property name="java.vm.specification.name" value="Java Virtual Machine Specification"/>
    <property name="user.dir" value="/home/maureenbett/Desktop/Wildlife-tracker"/>
    <property name="java.vm.compressedOopsMode" value="32-bit"/>
    <property name="java.runtime.version" value="11.0.7+10"/>
    <property name="java.awt.graphicsenv" value="sun.awt.X11GraphicsEnvironment"/>
    <property name="os.arch" value="amd64"/>
    <property name="java.io.tmpdir" value="/tmp"/>
    <property name="line.separator" value="
"/>
    <property name="java.vm.specification.vendor" value="Oracle Corporation"/>
    <property name="os.name" value="Linux"/>
    <property name="classworlds.conf" value="/usr/share/maven/bin/m2.conf"/>
    <property name="sun.jnu.encoding" value="UTF-8"/>
    <property name="java.library.path" value="/usr/java/packages/lib:/usr/lib64:/lib64:/lib:/usr/lib"/>
    <property name="maven.conf" value="/usr/share/maven/conf"/>
    <property name="jdk.debug" value="release"/>
    <property name="java.class.version" value="55.0"/>
    <property name="java.specification.name" value="Java Platform API Specification"/>
    <property name="sun.management.compiler" value="HotSpot 64-Bit Tiered Compilers"/>
    <property name="os.version" value="5.0.0-32-generic"/>
    <property name="library.jansi.path" value="/usr/share/maven/lib/jansi-native"/>
    <property name="user.home" value="/home/maureenbett"/>
    <property name="user.timezone" value="Africa/Nairobi"/>
    <property name="java.awt.printerjob" value="sun.print.PSPrinterJob"/>
    <property name="file.encoding" value="UTF-8"/>
    <property name="java.specification.version" value="11"/>
    <property name="user.name" value="maureenbett"/>
    <property name="java.class.path" value="/usr/share/maven/boot/plexus-classworlds-2.x.jar"/>
    <property name="java.vm.specification.version" value="11"/>
    <property name="sun.arch.data.model" value="64"/>
    <property name="sun.java.command" value="org.codehaus.plexus.classworlds.launcher.Launcher heroku:deploy"/>
    <property name="java.home" value="/home/maureenbett/.sdkman/candidates/java/11.0.7.hs-adpt"/>
    <property name="user.language" value="en"/>
    <property name="java.specification.vendor" value="Oracle Corporation"/>
    <property name="awt.toolkit" value="sun.awt.X11.XToolkit"/>
    <property name="java.vm.info" value="mixed mode"/>
    <property name="java.version" value="11.0.7"/>
    <property name="securerandom.source" value="file:/dev/./urandom"/>
    <property name="java.vendor" value="AdoptOpenJDK"/>
    <property name="maven.home" value="/usr/share/maven"/>
    <property name="file.separator" value="/"/>
    <property name="java.version.date" value="2020-04-14"/>
    <property name="java.vendor.url.bug" value="https://github.com/AdoptOpenJDK/openjdk-support/issues"/>
    <property name="sun.io.unicode.encoding" value="UnicodeLittle"/>
    <property name="sun.cpu.endian" value="little"/>
    <property name="java.vendor.version" value="AdoptOpenJDK"/>
    <property name="sun.desktop" value="gnome"/>
    <property name="sun.cpu.isalist" value=""/>
  </properties>
  <testcase classname="models.SightingTest" name="save_throwsExceptionIfNameNull" time="0.006"/>
  <testcase classname="models.SightingTest" name="save_recordsTimeOfCreationInDatabase" time="0.042"/>
  <testcase classname="models.SightingTest" name="equal_sightingsWithSameLocationRangerNameAndAnimalIdAreEqual" time="0.008"/>
  <testcase classname="models.SightingTest" name="save_sightingIsSavedCorrectlyOnEntry" time="0.036"/>
  <testcase classname="models.SightingTest" name="newSighting_newSightingInstantiatesCorrectly" time="0.007"/>
  <testcase classname="models.SightingTest" name="update_throwsExceptionIfNullLocationRangerName" time="0.025"/>
  <testcase classname="models.SightingTest" name="clearAll_nothingReturnsFromClearedTable" time="0.033"/>
  <testcase classname="models.SightingTest" name="getRangerName_newSightingInstantiatesCorrectlyWithRangerName" time="0.005"/>
  <testcase classname="models.SightingTest" name="getLocation_newSightingInstantiatesCorrectlyWithLocation" time="0.005"/>
  <testcase classname="models.SightingTest" name="update_sightingInstanceIsUpdatedCorrectly" time="0.042"/>
  <testcase classname="models.SightingTest" name="getAnimalId_newSightingInstantiatesCorrectlyWithAnimalId" time="0.008"/>
  <testcase classname="models.SightingTest" name="update_locationRangerNameCannotBeNull" time="0.025"/>
  <testcase classname="models.SightingTest" name="findById_savedSightingCanBeFoundById" time="0.033"/>
  <testcase classname="models.SightingTest" name="all_allSavedSightingsReturnedCorrectly" time="0.055"/>
  <testcase classname="models.SightingTest" name="deleteById_sightingInstanceDeletedCorrectlyById" time="0.066"/>
  <testcase classname="models.SightingTest" name="save_locationRangerNameCannotBeNull" time="0.008"/>
  <testcase classname="models.SightingTest" name="save_assignsIdToSighting" time="0.032"/>
</testsuite>