<?xml version="1.0" encoding="UTF-8" ?>
<testsuite tests="16" failures="0" name="models.AnimalTest" time="2.391" errors="0" skipped="0">
  <properties>
    <property name="java.runtime.name" value="OpenJDK Runtime Environment"/>
    <property name="java.vm.version" value="11.0.8+10-post-Ubuntu-0ubuntu120.04"/>
    <property name="sun.boot.library.path" value="/usr/lib/jvm/java-11-openjdk-amd64/lib"/>
    <property name="maven.multiModuleProjectDirectory" value="/home/gloria/IdeaProjects/WildlifeTracker-master"/>
    <property name="java.vm.vendor" value="Ubuntu"/>
    <property name="java.vendor.url" value="https://ubuntu.com/"/>
    <property name="guice.disable.misplaced.annotation.check" value="true"/>
    <property name="path.separator" value=":"/>
    <property name="java.vm.name" value="OpenJDK 64-Bit Server VM"/>
    <property name="sun.os.patch.level" value="unknown"/>
    <property name="user.country" value="US"/>
    <property name="sun.java.launcher" value="SUN_STANDARD"/>
    <property name="java.vm.specification.name" value="Java Virtual Machine Specification"/>
    <property name="user.dir" value="/home/gloria/IdeaProjects/WildlifeTracker-master"/>
    <property name="java.vm.compressedOopsMode" value="32-bit"/>
    <property name="java.runtime.version" value="11.0.8+10-post-Ubuntu-0ubuntu120.04"/>
    <property name="java.awt.graphicsenv" value="sun.awt.X11GraphicsEnvironment"/>
    <property name="os.arch" value="amd64"/>
    <property name="java.io.tmpdir" value="/tmp"/>
    <property name="line.separator" value="
"/>
    <property name="java.vm.specification.vendor" value="Oracle Corporation"/>
    <property name="os.name" value="Linux"/>
    <property name="classworlds.conf" value="/usr/share/maven/bin/m2.conf"/>
    <property name="sun.jnu.encoding" value="UTF-8"/>
    <property name="java.library.path" value="/usr/java/packages/lib:/usr/lib/x86_64-linux-gnu/jni:/lib/x86_64-linux-gnu:/usr/lib/x86_64-linux-gnu:/usr/lib/jni:/lib:/usr/lib"/>
    <property name="maven.conf" value="/usr/share/maven/conf"/>
    <property name="jdk.debug" value="release"/>
    <property name="java.class.version" value="55.0"/>
    <property name="java.specification.name" value="Java Platform API Specification"/>
    <property name="sun.management.compiler" value="HotSpot 64-Bit Tiered Compilers"/>
    <property name="os.version" value="5.4.0-47-generic"/>
    <property name="library.jansi.path" value="/usr/share/maven/lib/jansi-native"/>
    <property name="user.home" value="/home/gloria"/>
    <property name="user.timezone" value="Africa/Nairobi"/>
    <property name="java.awt.printerjob" value="sun.print.PSPrinterJob"/>
    <property name="file.encoding" value="UTF-8"/>
    <property name="java.specification.version" value="11"/>
    <property name="user.name" value="gloria"/>
    <property name="java.class.path" value="/usr/share/maven/boot/plexus-classworlds-2.x.jar"/>
    <property name="java.vm.specification.version" value="11"/>
    <property name="sun.arch.data.model" value="64"/>
    <property name="sun.java.command" value="org.codehaus.plexus.classworlds.launcher.Launcher heroku:deploy"/>
    <property name="java.home" value="/usr/lib/jvm/java-11-openjdk-amd64"/>
    <property name="user.language" value="en"/>
    <property name="java.specification.vendor" value="Oracle Corporation"/>
    <property name="awt.toolkit" value="sun.awt.X11.XToolkit"/>
    <property name="java.vm.info" value="mixed mode, sharing"/>
    <property name="java.version" value="11.0.8"/>
    <property name="securerandom.source" value="file:/dev/./urandom"/>
    <property name="java.vendor" value="Ubuntu"/>
    <property name="maven.home" value="/usr/share/maven"/>
    <property name="file.separator" value="/"/>
    <property name="java.version.date" value="2020-07-14"/>
    <property name="java.vendor.url.bug" value="https://bugs.launchpad.net/ubuntu/+source/openjdk-lts"/>
    <property name="sun.io.unicode.encoding" value="UnicodeLittle"/>
    <property name="sun.cpu.endian" value="little"/>
    <property name="sun.desktop" value="gnome"/>
    <property name="sun.cpu.isalist" value=""/>
  </properties>
  <testcase classname="models.AnimalTest" name="getTypeReturnsCorrectAnimalType" time="0"/>
  <testcase classname="models.AnimalTest" name="save_animalsAreSavedCorrectlyInDatabase" time="0.168"/>
  <testcase classname="models.AnimalTest" name="getNameReturnsCorrectName_String" time="0.027"/>
  <testcase classname="models.AnimalTest" name="saveAssignsIdToAnimal" time="0.169"/>
  <testcase classname="models.AnimalTest" name="saveThrowsExceptionIfNameNull_true" time="0.024"/>
  <testcase classname="models.AnimalTest" name="update_nameCannotBeNull" time="0.137"/>
  <testcase classname="models.AnimalTest" name="findSightingsReturnsSightingsRelatedToAnimalInstance_true" time="0.387"/>
  <testcase classname="models.AnimalTest" name="equals_returnsTrueIfNamesAreEqual" time="0.023"/>
  <testcase classname="models.AnimalTest" name="findByIdReturnsCorrectInstanceOfAnimal_true" time="0.155"/>
  <testcase classname="models.AnimalTest" name="update_throwsExceptionIfNameNull" time="0.165"/>
  <testcase classname="models.AnimalTest" name="deleteByIdDeletesCorrectAnimal_true" time="0.347"/>
  <testcase classname="models.AnimalTest" name="clearAllClearsAllInstances_true" time="0.231"/>
  <testcase classname="models.AnimalTest" name="AnimalInstantiatesCorrectly_true" time="0.027"/>
  <testcase classname="models.AnimalTest" name="allReturnsAllInstancesOfAnimal_true" time="0.262"/>
  <testcase classname="models.AnimalTest" name="saveCatchesExeptions_true" time="0.043"/>
  <testcase classname="models.AnimalTest" name="updateAnimalInstanceIsUpdatedCorrectly_true" time="0.226"/>
</testsuite>